<?xml version="1.0" encoding="UTF-8"?>
<testsuite xmlns:xsi="http://www.w3.org/2001/XMLSchema-instance" xsi:noNamespaceSchemaLocation="https://maven.apache.org/surefire/maven-surefire-plugin/xsd/surefire-test-report-3.0.xsd" version="3.0" name="Framework.AspiringTester.AppTest" time="0.051" tests="1" errors="0" skipped="0" failures="0">
  <properties>
    <property name="java.specification.version" value="16"/>
    <property name="sun.cpu.isalist" value="amd64"/>
    <property name="sun.jnu.encoding" value="Cp1252"/>
    <property name="java.class.path" value="C:\Users\61468\eclipse-workspace\listeners\AspiringTester\target\test-classes;C:\Users\61468\eclipse-workspace\listeners\AspiringTester\target\classes;C:\Users\61468\.m2\repository\org\apache\logging\log4j\log4j-api\2.14.1\log4j-api-2.14.1.jar;C:\Users\61468\.m2\repository\org\apache\logging\log4j\log4j-core\2.14.1\log4j-core-2.14.1.jar;C:\Users\61468\.m2\repository\org\testng\testng\7.4.0\testng-7.4.0.jar;C:\Users\61468\.m2\repository\com\beust\jcommander\1.78\jcommander-1.78.jar;C:\Users\61468\.m2\repository\org\webjars\jquery\3.5.1\jquery-3.5.1.jar;C:\Users\61468\.m2\repository\org\seleniumhq\selenium\selenium-java\4.0.0-rc-2\selenium-java-4.0.0-rc-2.jar;C:\Users\61468\.m2\repository\org\seleniumhq\selenium\selenium-api\4.0.0-rc-2\selenium-api-4.0.0-rc-2.jar;C:\Users\61468\.m2\repository\org\seleniumhq\selenium\selenium-chrome-driver\4.0.0-rc-2\selenium-chrome-driver-4.0.0-rc-2.jar;C:\Users\61468\.m2\repository\com\google\auto\service\auto-service-annotations\1.0\auto-service-annotations-1.0.jar;C:\Users\61468\.m2\repository\com\google\auto\service\auto-service\1.0\auto-service-1.0.jar;C:\Users\61468\.m2\repository\com\google\auto\auto-common\1.0\auto-common-1.0.jar;C:\Users\61468\.m2\repository\org\seleniumhq\selenium\selenium-chromium-driver\4.0.0-rc-2\selenium-chromium-driver-4.0.0-rc-2.jar;C:\Users\61468\.m2\repository\org\seleniumhq\selenium\selenium-json\4.0.0-rc-2\selenium-json-4.0.0-rc-2.jar;C:\Users\61468\.m2\repository\org\seleniumhq\selenium\selenium-devtools-v85\4.0.0-rc-2\selenium-devtools-v85-4.0.0-rc-2.jar;C:\Users\61468\.m2\repository\org\seleniumhq\selenium\selenium-devtools-v93\4.0.0-rc-2\selenium-devtools-v93-4.0.0-rc-2.jar;C:\Users\61468\.m2\repository\org\seleniumhq\selenium\selenium-devtools-v94\4.0.0-rc-2\selenium-devtools-v94-4.0.0-rc-2.jar;C:\Users\61468\.m2\repository\org\seleniumhq\selenium\selenium-edge-driver\4.0.0-rc-2\selenium-edge-driver-4.0.0-rc-2.jar;C:\Users\61468\.m2\repository\org\seleniumhq\selenium\selenium-firefox-driver\4.0.0-rc-2\selenium-firefox-driver-4.0.0-rc-2.jar;C:\Users\61468\.m2\repository\org\seleniumhq\selenium\selenium-firefox-xpi-driver\4.0.0-rc-2\selenium-firefox-xpi-driver-4.0.0-rc-2.jar;C:\Users\61468\.m2\repository\org\seleniumhq\selenium\selenium-ie-driver\4.0.0-rc-2\selenium-ie-driver-4.0.0-rc-2.jar;C:\Users\61468\.m2\repository\org\seleniumhq\selenium\selenium-opera-driver\4.0.0-rc-2\selenium-opera-driver-4.0.0-rc-2.jar;C:\Users\61468\.m2\repository\org\seleniumhq\selenium\selenium-remote-driver\4.0.0-rc-2\selenium-remote-driver-4.0.0-rc-2.jar;C:\Users\61468\.m2\repository\io\netty\netty-buffer\4.1.67.Final\netty-buffer-4.1.67.Final.jar;C:\Users\61468\.m2\repository\io\netty\netty-codec-http\4.1.67.Final\netty-codec-http-4.1.67.Final.jar;C:\Users\61468\.m2\repository\io\netty\netty-codec\4.1.67.Final\netty-codec-4.1.67.Final.jar;C:\Users\61468\.m2\repository\io\netty\netty-handler\4.1.67.Final\netty-handler-4.1.67.Final.jar;C:\Users\61468\.m2\repository\io\netty\netty-common\4.1.67.Final\netty-common-4.1.67.Final.jar;C:\Users\61468\.m2\repository\io\netty\netty-transport-native-epoll\4.1.67.Final\netty-transport-native-epoll-4.1.67.Final.jar;C:\Users\61468\.m2\repository\io\netty\netty-transport-native-kqueue\4.1.67.Final\netty-transport-native-kqueue-4.1.67.Final.jar;C:\Users\61468\.m2\repository\io\netty\netty-transport-native-unix-common\4.1.67.Final\netty-transport-native-unix-common-4.1.67.Final.jar;C:\Users\61468\.m2\repository\io\netty\netty-transport\4.1.67.Final\netty-transport-4.1.67.Final.jar;C:\Users\61468\.m2\repository\io\netty\netty-resolver\4.1.67.Final\netty-resolver-4.1.67.Final.jar;C:\Users\61468\.m2\repository\io\opentelemetry\opentelemetry-api\1.5.0\opentelemetry-api-1.5.0.jar;C:\Users\61468\.m2\repository\io\opentelemetry\opentelemetry-context\1.5.0\opentelemetry-context-1.5.0.jar;C:\Users\61468\.m2\repository\io\opentelemetry\opentelemetry-exporter-logging\1.5.0\opentelemetry-exporter-logging-1.5.0.jar;C:\Users\61468\.m2\repository\io\opentelemetry\opentelemetry-sdk-metrics\1.5.0-alpha\opentelemetry-sdk-metrics-1.5.0-alpha.jar;C:\Users\61468\.m2\repository\io\opentelemetry\opentelemetry-sdk-common\1.5.0\opentelemetry-sdk-common-1.5.0.jar;C:\Users\61468\.m2\repository\io\opentelemetry\opentelemetry-sdk-extension-autoconfigure\1.5.0-alpha\opentelemetry-sdk-extension-autoconfigure-1.5.0-alpha.jar;C:\Users\61468\.m2\repository\io\opentelemetry\opentelemetry-sdk-trace\1.5.0\opentelemetry-sdk-trace-1.5.0.jar;C:\Users\61468\.m2\repository\io\opentelemetry\opentelemetry-api-metrics\1.5.0-alpha\opentelemetry-api-metrics-1.5.0-alpha.jar;C:\Users\61468\.m2\repository\io\opentelemetry\opentelemetry-sdk\1.5.0\opentelemetry-sdk-1.5.0.jar;C:\Users\61468\.m2\repository\io\opentelemetry\opentelemetry-semconv\1.5.0-alpha\opentelemetry-semconv-1.5.0-alpha.jar;C:\Users\61468\.m2\repository\io\ous\jtoml\2.0.0\jtoml-2.0.0.jar;C:\Users\61468\.m2\repository\net\bytebuddy\byte-buddy\1.11.13\byte-buddy-1.11.13.jar;C:\Users\61468\.m2\repository\org\apache\commons\commons-exec\1.3\commons-exec-1.3.jar;C:\Users\61468\.m2\repository\org\asynchttpclient\async-http-client\2.12.3\async-http-client-2.12.3.jar;C:\Users\61468\.m2\repository\org\asynchttpclient\async-http-client-netty-utils\2.12.3\async-http-client-netty-utils-2.12.3.jar;C:\Users\61468\.m2\repository\io\netty\netty-codec-socks\4.1.60.Final\netty-codec-socks-4.1.60.Final.jar;C:\Users\61468\.m2\repository\io\netty\netty-handler-proxy\4.1.60.Final\netty-handler-proxy-4.1.60.Final.jar;C:\Users\61468\.m2\repository\io\netty\netty-transport-native-epoll\4.1.60.Final\netty-transport-native-epoll-4.1.60.Final-linux-x86_64.jar;C:\Users\61468\.m2\repository\io\netty\netty-transport-native-kqueue\4.1.60.Final\netty-transport-native-kqueue-4.1.60.Final-osx-x86_64.jar;C:\Users\61468\.m2\repository\org\reactivestreams\reactive-streams\1.0.3\reactive-streams-1.0.3.jar;C:\Users\61468\.m2\repository\com\typesafe\netty\netty-reactive-streams\2.0.4\netty-reactive-streams-2.0.4.jar;C:\Users\61468\.m2\repository\com\sun\activation\jakarta.activation\1.2.2\jakarta.activation-1.2.2.jar;C:\Users\61468\.m2\repository\org\seleniumhq\selenium\selenium-http\4.0.0-rc-2\selenium-http-4.0.0-rc-2.jar;C:\Users\61468\.m2\repository\org\seleniumhq\selenium\selenium-safari-driver\4.0.0-rc-2\selenium-safari-driver-4.0.0-rc-2.jar;C:\Users\61468\.m2\repository\org\seleniumhq\selenium\selenium-support\4.0.0-rc-2\selenium-support-4.0.0-rc-2.jar;C:\Users\61468\.m2\repository\io\github\bonigarcia\webdrivermanager\5.0.3\webdrivermanager-5.0.3.jar;C:\Users\61468\.m2\repository\org\slf4j\slf4j-api\1.7.32\slf4j-api-1.7.32.jar;C:\Users\61468\.m2\repository\com\google\code\gson\gson\2.8.8\gson-2.8.8.jar;C:\Users\61468\.m2\repository\org\jsoup\jsoup\1.14.2\jsoup-1.14.2.jar;C:\Users\61468\.m2\repository\com\github\docker-java\docker-java\3.2.12\docker-java-3.2.12.jar;C:\Users\61468\.m2\repository\com\github\docker-java\docker-java-core\3.2.12\docker-java-core-3.2.12.jar;C:\Users\61468\.m2\repository\com\github\docker-java\docker-java-api\3.2.12\docker-java-api-3.2.12.jar;C:\Users\61468\.m2\repository\com\fasterxml\jackson\core\jackson-annotations\2.10.3\jackson-annotations-2.10.3.jar;C:\Users\61468\.m2\repository\commons-io\commons-io\2.6\commons-io-2.6.jar;C:\Users\61468\.m2\repository\org\apache\commons\commons-compress\1.21\commons-compress-1.21.jar;C:\Users\61468\.m2\repository\commons-lang\commons-lang\2.6\commons-lang-2.6.jar;C:\Users\61468\.m2\repository\com\fasterxml\jackson\core\jackson-databind\2.10.3\jackson-databind-2.10.3.jar;C:\Users\61468\.m2\repository\com\fasterxml\jackson\core\jackson-core\2.10.3\jackson-core-2.10.3.jar;C:\Users\61468\.m2\repository\org\bouncycastle\bcpkix-jdk15on\1.64\bcpkix-jdk15on-1.64.jar;C:\Users\61468\.m2\repository\org\bouncycastle\bcprov-jdk15on\1.64\bcprov-jdk15on-1.64.jar;C:\Users\61468\.m2\repository\org\slf4j\jcl-over-slf4j\1.7.30\jcl-over-slf4j-1.7.30.jar;C:\Users\61468\.m2\repository\com\github\docker-java\docker-java-transport-httpclient5\3.2.12\docker-java-transport-httpclient5-3.2.12.jar;C:\Users\61468\.m2\repository\com\github\docker-java\docker-java-transport\3.2.12\docker-java-transport-3.2.12.jar;C:\Users\61468\.m2\repository\org\apache\httpcomponents\client5\httpclient5\5.0.3\httpclient5-5.0.3.jar;C:\Users\61468\.m2\repository\org\apache\httpcomponents\core5\httpcore5\5.0.2\httpcore5-5.0.2.jar;C:\Users\61468\.m2\repository\commons-codec\commons-codec\1.13\commons-codec-1.13.jar;C:\Users\61468\.m2\repository\net\java\dev\jna\jna\5.8.0\jna-5.8.0.jar;C:\Users\61468\.m2\repository\com\google\guava\guava\30.1.1-jre\guava-30.1.1-jre.jar;C:\Users\61468\.m2\repository\com\google\guava\failureaccess\1.0.1\failureaccess-1.0.1.jar;C:\Users\61468\.m2\repository\com\google\guava\listenablefuture\9999.0-empty-to-avoid-conflict-with-guava\listenablefuture-9999.0-empty-to-avoid-conflict-with-guava.jar;C:\Users\61468\.m2\repository\com\google\code\findbugs\jsr305\3.0.2\jsr305-3.0.2.jar;C:\Users\61468\.m2\repository\org\checkerframework\checker-qual\3.8.0\checker-qual-3.8.0.jar;C:\Users\61468\.m2\repository\com\google\errorprone\error_prone_annotations\2.5.1\error_prone_annotations-2.5.1.jar;C:\Users\61468\.m2\repository\com\google\j2objc\j2objc-annotations\1.3\j2objc-annotations-1.3.jar;C:\Users\61468\.m2\repository\org\brotli\dec\0.1.2\dec-0.1.2.jar;C:\Users\61468\.m2\repository\org\junit\jupiter\junit-jupiter-engine\5.7.1\junit-jupiter-engine-5.7.1.jar;C:\Users\61468\.m2\repository\org\apiguardian\apiguardian-api\1.1.0\apiguardian-api-1.1.0.jar;C:\Users\61468\.m2\repository\org\junit\platform\junit-platform-engine\1.7.1\junit-platform-engine-1.7.1.jar;C:\Users\61468\.m2\repository\org\opentest4j\opentest4j\1.2.0\opentest4j-1.2.0.jar;C:\Users\61468\.m2\repository\org\junit\platform\junit-platform-commons\1.7.1\junit-platform-commons-1.7.1.jar;C:\Users\61468\.m2\repository\org\junit\jupiter\junit-jupiter-api\5.7.1\junit-jupiter-api-5.7.1.jar;C:\Users\61468\.m2\repository\org\junit\jupiter\junit-jupiter-params\5.7.1\junit-jupiter-params-5.7.1.jar;"/>
    <property name="java.vm.vendor" value="Oracle Corporation"/>
    <property name="sun.arch.data.model" value="64"/>
    <property name="user.variant" value=""/>
    <property name="java.vendor.url" value="https://java.oracle.com/"/>
    <property name="user.timezone" value="Australia/Sydney"/>
    <property name="os.name" value="Windows 10"/>
    <property name="java.vm.specification.version" value="16"/>
    <property name="sun.java.launcher" value="SUN_STANDARD"/>
    <property name="user.country" value="AU"/>
    <property name="sun.boot.library.path" value="C:\Program Files\Java\jdk-16.0.1\bin"/>
    <property name="sun.java.command" value="C:\Users\61468\AppData\Local\Temp\surefire13037099823500639975\surefirebooter633562310014323289.jar C:\Users\61468\AppData\Local\Temp\surefire13037099823500639975 2021-10-10T20-05-48_376-jvmRun1 surefire2525615719371406363tmp surefire_011766372727530000106tmp"/>
    <property name="jdk.debug" value="release"/>
    <property name="surefire.test.class.path" value="C:\Users\61468\eclipse-workspace\listeners\AspiringTester\target\test-classes;C:\Users\61468\eclipse-workspace\listeners\AspiringTester\target\classes;C:\Users\61468\.m2\repository\org\apache\logging\log4j\log4j-api\2.14.1\log4j-api-2.14.1.jar;C:\Users\61468\.m2\repository\org\apache\logging\log4j\log4j-core\2.14.1\log4j-core-2.14.1.jar;C:\Users\61468\.m2\repository\org\testng\testng\7.4.0\testng-7.4.0.jar;C:\Users\61468\.m2\repository\com\beust\jcommander\1.78\jcommander-1.78.jar;C:\Users\61468\.m2\repository\org\webjars\jquery\3.5.1\jquery-3.5.1.jar;C:\Users\61468\.m2\repository\org\seleniumhq\selenium\selenium-java\4.0.0-rc-2\selenium-java-4.0.0-rc-2.jar;C:\Users\61468\.m2\repository\org\seleniumhq\selenium\selenium-api\4.0.0-rc-2\selenium-api-4.0.0-rc-2.jar;C:\Users\61468\.m2\repository\org\seleniumhq\selenium\selenium-chrome-driver\4.0.0-rc-2\selenium-chrome-driver-4.0.0-rc-2.jar;C:\Users\61468\.m2\repository\com\google\auto\service\auto-service-annotations\1.0\auto-service-annotations-1.0.jar;C:\Users\61468\.m2\repository\com\google\auto\service\auto-service\1.0\auto-service-1.0.jar;C:\Users\61468\.m2\repository\com\google\auto\auto-common\1.0\auto-common-1.0.jar;C:\Users\61468\.m2\repository\org\seleniumhq\selenium\selenium-chromium-driver\4.0.0-rc-2\selenium-chromium-driver-4.0.0-rc-2.jar;C:\Users\61468\.m2\repository\org\seleniumhq\selenium\selenium-json\4.0.0-rc-2\selenium-json-4.0.0-rc-2.jar;C:\Users\61468\.m2\repository\org\seleniumhq\selenium\selenium-devtools-v85\4.0.0-rc-2\selenium-devtools-v85-4.0.0-rc-2.jar;C:\Users\61468\.m2\repository\org\seleniumhq\selenium\selenium-devtools-v93\4.0.0-rc-2\selenium-devtools-v93-4.0.0-rc-2.jar;C:\Users\61468\.m2\repository\org\seleniumhq\selenium\selenium-devtools-v94\4.0.0-rc-2\selenium-devtools-v94-4.0.0-rc-2.jar;C:\Users\61468\.m2\repository\org\seleniumhq\selenium\selenium-edge-driver\4.0.0-rc-2\selenium-edge-driver-4.0.0-rc-2.jar;C:\Users\61468\.m2\repository\org\seleniumhq\selenium\selenium-firefox-driver\4.0.0-rc-2\selenium-firefox-driver-4.0.0-rc-2.jar;C:\Users\61468\.m2\repository\org\seleniumhq\selenium\selenium-firefox-xpi-driver\4.0.0-rc-2\selenium-firefox-xpi-driver-4.0.0-rc-2.jar;C:\Users\61468\.m2\repository\org\seleniumhq\selenium\selenium-ie-driver\4.0.0-rc-2\selenium-ie-driver-4.0.0-rc-2.jar;C:\Users\61468\.m2\repository\org\seleniumhq\selenium\selenium-opera-driver\4.0.0-rc-2\selenium-opera-driver-4.0.0-rc-2.jar;C:\Users\61468\.m2\repository\org\seleniumhq\selenium\selenium-remote-driver\4.0.0-rc-2\selenium-remote-driver-4.0.0-rc-2.jar;C:\Users\61468\.m2\repository\io\netty\netty-buffer\4.1.67.Final\netty-buffer-4.1.67.Final.jar;C:\Users\61468\.m2\repository\io\netty\netty-codec-http\4.1.67.Final\netty-codec-http-4.1.67.Final.jar;C:\Users\61468\.m2\repository\io\netty\netty-codec\4.1.67.Final\netty-codec-4.1.67.Final.jar;C:\Users\61468\.m2\repository\io\netty\netty-handler\4.1.67.Final\netty-handler-4.1.67.Final.jar;C:\Users\61468\.m2\repository\io\netty\netty-common\4.1.67.Final\netty-common-4.1.67.Final.jar;C:\Users\61468\.m2\repository\io\netty\netty-transport-native-epoll\4.1.67.Final\netty-transport-native-epoll-4.1.67.Final.jar;C:\Users\61468\.m2\repository\io\netty\netty-transport-native-kqueue\4.1.67.Final\netty-transport-native-kqueue-4.1.67.Final.jar;C:\Users\61468\.m2\repository\io\netty\netty-transport-native-unix-common\4.1.67.Final\netty-transport-native-unix-common-4.1.67.Final.jar;C:\Users\61468\.m2\repository\io\netty\netty-transport\4.1.67.Final\netty-transport-4.1.67.Final.jar;C:\Users\61468\.m2\repository\io\netty\netty-resolver\4.1.67.Final\netty-resolver-4.1.67.Final.jar;C:\Users\61468\.m2\repository\io\opentelemetry\opentelemetry-api\1.5.0\opentelemetry-api-1.5.0.jar;C:\Users\61468\.m2\repository\io\opentelemetry\opentelemetry-context\1.5.0\opentelemetry-context-1.5.0.jar;C:\Users\61468\.m2\repository\io\opentelemetry\opentelemetry-exporter-logging\1.5.0\opentelemetry-exporter-logging-1.5.0.jar;C:\Users\61468\.m2\repository\io\opentelemetry\opentelemetry-sdk-metrics\1.5.0-alpha\opentelemetry-sdk-metrics-1.5.0-alpha.jar;C:\Users\61468\.m2\repository\io\opentelemetry\opentelemetry-sdk-common\1.5.0\opentelemetry-sdk-common-1.5.0.jar;C:\Users\61468\.m2\repository\io\opentelemetry\opentelemetry-sdk-extension-autoconfigure\1.5.0-alpha\opentelemetry-sdk-extension-autoconfigure-1.5.0-alpha.jar;C:\Users\61468\.m2\repository\io\opentelemetry\opentelemetry-sdk-trace\1.5.0\opentelemetry-sdk-trace-1.5.0.jar;C:\Users\61468\.m2\repository\io\opentelemetry\opentelemetry-api-metrics\1.5.0-alpha\opentelemetry-api-metrics-1.5.0-alpha.jar;C:\Users\61468\.m2\repository\io\opentelemetry\opentelemetry-sdk\1.5.0\opentelemetry-sdk-1.5.0.jar;C:\Users\61468\.m2\repository\io\opentelemetry\opentelemetry-semconv\1.5.0-alpha\opentelemetry-semconv-1.5.0-alpha.jar;C:\Users\61468\.m2\repository\io\ous\jtoml\2.0.0\jtoml-2.0.0.jar;C:\Users\61468\.m2\repository\net\bytebuddy\byte-buddy\1.11.13\byte-buddy-1.11.13.jar;C:\Users\61468\.m2\repository\org\apache\commons\commons-exec\1.3\commons-exec-1.3.jar;C:\Users\61468\.m2\repository\org\asynchttpclient\async-http-client\2.12.3\async-http-client-2.12.3.jar;C:\Users\61468\.m2\repository\org\asynchttpclient\async-http-client-netty-utils\2.12.3\async-http-client-netty-utils-2.12.3.jar;C:\Users\61468\.m2\repository\io\netty\netty-codec-socks\4.1.60.Final\netty-codec-socks-4.1.60.Final.jar;C:\Users\61468\.m2\repository\io\netty\netty-handler-proxy\4.1.60.Final\netty-handler-proxy-4.1.60.Final.jar;C:\Users\61468\.m2\repository\io\netty\netty-transport-native-epoll\4.1.60.Final\netty-transport-native-epoll-4.1.60.Final-linux-x86_64.jar;C:\Users\61468\.m2\repository\io\netty\netty-transport-native-kqueue\4.1.60.Final\netty-transport-native-kqueue-4.1.60.Final-osx-x86_64.jar;C:\Users\61468\.m2\repository\org\reactivestreams\reactive-streams\1.0.3\reactive-streams-1.0.3.jar;C:\Users\61468\.m2\repository\com\typesafe\netty\netty-reactive-streams\2.0.4\netty-reactive-streams-2.0.4.jar;C:\Users\61468\.m2\repository\com\sun\activation\jakarta.activation\1.2.2\jakarta.activation-1.2.2.jar;C:\Users\61468\.m2\repository\org\seleniumhq\selenium\selenium-http\4.0.0-rc-2\selenium-http-4.0.0-rc-2.jar;C:\Users\61468\.m2\repository\org\seleniumhq\selenium\selenium-safari-driver\4.0.0-rc-2\selenium-safari-driver-4.0.0-rc-2.jar;C:\Users\61468\.m2\repository\org\seleniumhq\selenium\selenium-support\4.0.0-rc-2\selenium-support-4.0.0-rc-2.jar;C:\Users\61468\.m2\repository\io\github\bonigarcia\webdrivermanager\5.0.3\webdrivermanager-5.0.3.jar;C:\Users\61468\.m2\repository\org\slf4j\slf4j-api\1.7.32\slf4j-api-1.7.32.jar;C:\Users\61468\.m2\repository\com\google\code\gson\gson\2.8.8\gson-2.8.8.jar;C:\Users\61468\.m2\repository\org\jsoup\jsoup\1.14.2\jsoup-1.14.2.jar;C:\Users\61468\.m2\repository\com\github\docker-java\docker-java\3.2.12\docker-java-3.2.12.jar;C:\Users\61468\.m2\repository\com\github\docker-java\docker-java-core\3.2.12\docker-java-core-3.2.12.jar;C:\Users\61468\.m2\repository\com\github\docker-java\docker-java-api\3.2.12\docker-java-api-3.2.12.jar;C:\Users\61468\.m2\repository\com\fasterxml\jackson\core\jackson-annotations\2.10.3\jackson-annotations-2.10.3.jar;C:\Users\61468\.m2\repository\commons-io\commons-io\2.6\commons-io-2.6.jar;C:\Users\61468\.m2\repository\org\apache\commons\commons-compress\1.21\commons-compress-1.21.jar;C:\Users\61468\.m2\repository\commons-lang\commons-lang\2.6\commons-lang-2.6.jar;C:\Users\61468\.m2\repository\com\fasterxml\jackson\core\jackson-databind\2.10.3\jackson-databind-2.10.3.jar;C:\Users\61468\.m2\repository\com\fasterxml\jackson\core\jackson-core\2.10.3\jackson-core-2.10.3.jar;C:\Users\61468\.m2\repository\org\bouncycastle\bcpkix-jdk15on\1.64\bcpkix-jdk15on-1.64.jar;C:\Users\61468\.m2\repository\org\bouncycastle\bcprov-jdk15on\1.64\bcprov-jdk15on-1.64.jar;C:\Users\61468\.m2\repository\org\slf4j\jcl-over-slf4j\1.7.30\jcl-over-slf4j-1.7.30.jar;C:\Users\61468\.m2\repository\com\github\docker-java\docker-java-transport-httpclient5\3.2.12\docker-java-transport-httpclient5-3.2.12.jar;C:\Users\61468\.m2\repository\com\github\docker-java\docker-java-transport\3.2.12\docker-java-transport-3.2.12.jar;C:\Users\61468\.m2\repository\org\apache\httpcomponents\client5\httpclient5\5.0.3\httpclient5-5.0.3.jar;C:\Users\61468\.m2\repository\org\apache\httpcomponents\core5\httpcore5\5.0.2\httpcore5-5.0.2.jar;C:\Users\61468\.m2\repository\commons-codec\commons-codec\1.13\commons-codec-1.13.jar;C:\Users\61468\.m2\repository\net\java\dev\jna\jna\5.8.0\jna-5.8.0.jar;C:\Users\61468\.m2\repository\com\google\guava\guava\30.1.1-jre\guava-30.1.1-jre.jar;C:\Users\61468\.m2\repository\com\google\guava\failureaccess\1.0.1\failureaccess-1.0.1.jar;C:\Users\61468\.m2\repository\com\google\guava\listenablefuture\9999.0-empty-to-avoid-conflict-with-guava\listenablefuture-9999.0-empty-to-avoid-conflict-with-guava.jar;C:\Users\61468\.m2\repository\com\google\code\findbugs\jsr305\3.0.2\jsr305-3.0.2.jar;C:\Users\61468\.m2\repository\org\checkerframework\checker-qual\3.8.0\checker-qual-3.8.0.jar;C:\Users\61468\.m2\repository\com\google\errorprone\error_prone_annotations\2.5.1\error_prone_annotations-2.5.1.jar;C:\Users\61468\.m2\repository\com\google\j2objc\j2objc-annotations\1.3\j2objc-annotations-1.3.jar;C:\Users\61468\.m2\repository\org\brotli\dec\0.1.2\dec-0.1.2.jar;C:\Users\61468\.m2\repository\org\junit\jupiter\junit-jupiter-engine\5.7.1\junit-jupiter-engine-5.7.1.jar;C:\Users\61468\.m2\repository\org\apiguardian\apiguardian-api\1.1.0\apiguardian-api-1.1.0.jar;C:\Users\61468\.m2\repository\org\junit\platform\junit-platform-engine\1.7.1\junit-platform-engine-1.7.1.jar;C:\Users\61468\.m2\repository\org\opentest4j\opentest4j\1.2.0\opentest4j-1.2.0.jar;C:\Users\61468\.m2\repository\org\junit\platform\junit-platform-commons\1.7.1\junit-platform-commons-1.7.1.jar;C:\Users\61468\.m2\repository\org\junit\jupiter\junit-jupiter-api\5.7.1\junit-jupiter-api-5.7.1.jar;C:\Users\61468\.m2\repository\org\junit\jupiter\junit-jupiter-params\5.7.1\junit-jupiter-params-5.7.1.jar;"/>
    <property name="sun.cpu.endian" value="little"/>
    <property name="user.home" value="C:\Users\61468"/>
    <property name="user.language" value="en"/>
    <property name="java.specification.vendor" value="Oracle Corporation"/>
    <property name="java.version.date" value="2021-04-20"/>
    <property name="java.home" value="C:\Program Files\Java\jdk-16.0.1"/>
    <property name="file.separator" value="\"/>
    <property name="basedir" value="C:\Users\61468\eclipse-workspace\listeners\AspiringTester"/>
    <property name="java.vm.compressedOopsMode" value="32-bit"/>
    <property name="line.separator" value="&#10;"/>
    <property name="java.vm.specification.vendor" value="Oracle Corporation"/>
    <property name="java.specification.name" value="Java Platform API Specification"/>
    <property name="surefire.real.class.path" value="C:\Users\61468\AppData\Local\Temp\surefire13037099823500639975\surefirebooter633562310014323289.jar"/>
    <property name="user.script" value=""/>
    <property name="sun.management.compiler" value="HotSpot 64-Bit Tiered Compilers"/>
    <property name="java.runtime.version" value="16.0.1+9-24"/>
    <property name="user.name" value="61468"/>
    <property name="path.separator" value=";"/>
    <property name="os.version" value="10.0"/>
    <property name="java.runtime.name" value="Java(TM) SE Runtime Environment"/>
    <property name="file.encoding" value="Cp1252"/>
    <property name="java.vm.name" value="Java HotSpot(TM) 64-Bit Server VM"/>
    <property name="localRepository" value="C:\Users\61468\.m2\repository"/>
    <property name="java.vendor.url.bug" value="https://bugreport.java.com/bugreport/"/>
    <property name="java.io.tmpdir" value="C:\Users\61468\AppData\Local\Temp\"/>
    <property name="java.version" value="16.0.1"/>
    <property name="user.dir" value="C:\Users\61468\eclipse-workspace\listeners\AspiringTester"/>
    <property name="os.arch" value="amd64"/>
    <property name="java.vm.specification.name" value="Java Virtual Machine Specification"/>
    <property name="sun.os.patch.level" value=""/>
    <property name="java.library.path" value="C:\Program Files\Java\jdk-16.0.1\bin;C:\Windows\Sun\Java\bin;C:\Windows\system32;C:\Windows;C:\Program Files\Common Files\Oracle\Java\javapath;C:\Program Files\Java\jdk-16\bin;C:\Program Files\Git\cmd;C:\Program Files\maven\apache-maven-3.8.3\bin;C:\Users\61468\AppData\Local\Microsoft\WindowsApps;;C:\Users\61468\AppData\Local\Programs\Microsoft VS Code\bin;."/>
    <property name="java.vm.info" value="mixed mode, sharing"/>
    <property name="java.vendor" value="Oracle Corporation"/>
    <property name="java.vm.version" value="16.0.1+9-24"/>
    <property name="sun.io.unicode.encoding" value="UnicodeLittle"/>
    <property name="java.class.version" value="60.0"/>
  </properties>
  <testcase name="shouldAnswerWithTrue" classname="Framework.AspiringTester.AppTest" time="0.025"/>
</testsuite>